request: api.deviafernando.com /auth params: array (
  'path' => 'auth',
)
request: api.deviafernando.com /auth params: array (
  'path' => 'auth',
)
request: api.deviafernando.com /auth params: array (
  'path' => 'auth',
)
request: api.deviafernando.com /favicon.ico params: array (
  'path' => 'favicon.ico',
)
request: api.deviafernando.com /auth params: array (
  'path' => 'auth',
)
request: api.deviafernando.com /auth params: array (
  'path' => 'auth',
)
request: api.deviafernando.com /auth params: array (
  'path' => 'auth',
)
request: api.deviafernando.com /auth params: array (
  'path' => 'auth',
)
request: api.deviafernando.com /auth params: array (
  'path' => 'auth',
)
request: api.deviafernando.com /auth params: array (
  'path' => 'auth',
)
request: api.deviafernando.com /auth params: array (
  'path' => 'auth',
)
request: api.deviafernando.com /records params: array (
  'path' => 'records',
)
request: api.deviafernando.com /records params: array (
  'path' => 'records',
)
request: api.deviafernando.com /records params: array (
  'path' => 'records',
)
request: api.deviafernando.com /records params: array (
  'path' => 'records',
)
request: api.deviafernando.com /records params: array (
  'path' => 'records',
)
request: api.deviafernando.com /records params: array (
  'path' => 'records',
)
request: api.deviafernando.com /records params: array (
  'path' => 'records',
)
request: api.deviafernando.com /records params: array (
  'path' => 'records',
)
request: api.deviafernando.com /records params: array (
  'path' => 'records',
)
request: api.deviafernando.com /records params: array (
  'path' => 'records',
)
request: api.deviafernando.com /records params: array (
  'path' => 'records',
)
request: api.deviafernando.com /records params: array (
  'path' => 'records',
)
request: api.deviafernando.com /auth/register params: array (
  'phone' => '31155564446',
  'identification' => '212312',
  'password' => '321',
)
request: api.deviafernando.com /auth/register params: array (
  'phone' => '31155564446',
  'identification' => '212312',
  'password' => '321',
)
request: api.deviafernando.com /records params: array (
  'path' => 'records',
)
request: api.deviafernando.com / params: array (
)
request: api.deviafernando.com / params: array (
)
request: api.deviafernando.com / params: array (
)
request: api.deviafernando.com / params: array (
)
request: api.deviafernando.com / params: array (
)
request: api.deviafernando.com / params: array (
)
request: api.deviafernando.com / params: array (
)
request: api.deviafernando.com / params: array (
)
request: api.deviafernando.com / params: array (
)
request: api.deviafernando.com / params: array (
)
request: api.deviafernando.com / params: array (
)
request: api.deviafernando.com / params: array (
)
request: api.deviafernando.com / params: array (
)
request: api.deviafernando.com / params: array (
)
request: api.deviafernando.com / params: array (
)
request: api.deviafernando.com / params: array (
)
request: api.deviafernando.com / params: array (
)
request: api.deviafernando.com / params: array (
)
request: api.deviafernando.com / params: array (
)
request: api.deviafernando.com / params: array (
)
request: api.deviafernando.com / params: array (
)
request: api.deviafernando.com / params: array (
)
request: api.deviafernando.com / params: array (
)
request: api.deviafernando.com / params: array (
)
request: api.deviafernando.com / params: array (
)
request: api.deviafernando.com / params: array (
)
request: api.deviafernando.com / params: array (
)
request: api.deviafernando.com / params: array (
)
request: api.deviafernando.com / params: array (
)
request: api.deviafernando.com / params: array (
)
request: api.deviafernando.com / params: array (
)
request: api.deviafernando.com / params: array (
)
request: api.deviafernando.com / params: array (
)
request: api.deviafernando.com / params: array (
)
request: api.deviafernando.com / params: array (
)
request: api.deviafernando.com / params: array (
)
request: api.deviafernando.com / params: array (
)
request: api.deviafernando.com / params: array (
)
request: api.deviafernando.com / params: array (
)
request: api.deviafernando.com / params: array (
)
request: api.deviafernando.com / params: array (
)
request: api.deviafernando.com / params: array (
)
request: api.deviafernando.com / params: array (
)
request: api.deviafernando.com / params: array (
)
request: api.deviafernando.com / params: array (
)
request: api.deviafernando.com / params: array (
)
request: api.deviafernando.com / params: array (
)
request: api.deviafernando.com / params: array (
)
request: api.deviafernando.com /asd params: array (
  'path' => 'asd',
)
request: api.deviafernando.com /asd params: array (
  'path' => 'asd',
)
request: api.deviafernando.com /asd params: array (
  'path' => 'asd',
)
request: api.deviafernando.com /asd params: array (
  'path' => 'asd',
)
request: api.deviafernando.com /asd params: array (
  'path' => 'asd',
)
request: api.deviafernando.com /auth params: array (
  'path' => 'auth',
)
request: api.deviafernando.com /auth/register params: array (
  'path' => 'auth/register',
)
request: api.deviafernando.com /auth/register params: array (
  'path' => 'auth/register',
)
request: api.deviafernando.com /auth/register params: array (
  'path' => 'auth/register',
)
request: api.deviafernando.com /auth/register params: array (
  'path' => 'auth/register',
)
request: api.deviafernando.com // params: array (
)
request: api.deviafernando.com / params: array (
)
request: api.deviafernando.com / params: array (
)
request: api.deviafernando.com / params: array (
)
request: api.deviafernando.com / params: array (
)
request: api.deviafernando.com /auth/confirm params: array (
  'phone' => '31155564446',
  'identification' => '212312',
  'code' => 'asd',
  'password' => '321',
)
request: api.deviafernando.com /auth/confirm params: array (
  'phone' => '31155564446',
  'identification' => '212312',
  'code' => 'asd',
  'password' => '321',
)
request: api.deviafernando.com / params: array (
)
request: api.deviafernando.com / params: array (
)
request: api.deviafernando.com /auth/confirm params: array (
  'phone' => '31155564446',
  'identification' => '212312',
  'code' => 'asd',
  'password' => '321',
)
request: api.deviafernando.com / params: array (
)
request: api.deviafernando.com / params: array (
)
request: api.deviafernando.com / params: array (
)
request: api.deviafernando.com / params: array (
)
request: api.deviafernando.com / params: array (
)
request: api.deviafernando.com / params: array (
)
request: api.deviafernando.com / params: array (
)
request: api.deviafernando.com / params: array (
)
request: api.deviafernando.com / params: array (
)
request: api.deviafernando.com / params: array (
)
request: api.deviafernando.com / params: array (
)
request: api.deviafernando.com / params: array (
)
request: api.deviafernando.com /records params: array (
  'path' => 'records',
)
request: api.deviafernando.com / params: array (
)
request: api.deviafernando.com / params: array (
)
request: api.deviafernando.com /records params: array (
  'path' => 'records',
)
request: api.deviafernando.com /records params: array (
  'path' => 'records',
)
request: api.deviafernando.com /favicon.ico params: array (
  'path' => 'favicon.ico',
)
request: api.deviafernando.com /records params: array (
  'path' => 'records',
)
request: api.deviafernando.com /records params: array (
  'path' => 'records',
)
request: api.deviafernando.com /records params: array (
  'path' => 'records',
)
request: api.deviafernando.com /records params: array (
  'path' => 'records',
)
request: api.deviafernando.com /records params: array (
  'path' => 'records',
)
request: api.deviafernando.com /records params: array (
  'path' => 'records',
)
request: api.deviafernando.com /records params: array (
  'path' => 'records',
)
request: api.deviafernando.com /records params: array (
  'path' => 'records',
)
request: api.deviafernando.com /records params: array (
  'path' => 'records',
)
request: api.deviafernando.com /auth params: array (
  'phone' => '3185241383',
  'password' => 'devia5',
)
request: api.deviafernando.com /auth params: array (
  'phone' => '3185241383',
  'password' => 'devia5',
)
request: api.deviafernando.com /auth params: array (
  'phone' => '3185241383',
  'password' => 'devia5',
)
request: api.deviafernando.com /auth params: array (
  'phone' => '3185241383',
  'password' => 'pt100UNAL',
)
request: api.deviafernando.com /auth params: array (
  'phone' => '3185241383',
  'password' => 'pt100UNAL--',
)
request: api.deviafernando.com /auth params: array (
  'phone' => '3185241383',
  'password' => 'pt100UNAL--',
)
request: api.deviafernando.com /auth params: array (
  'phone' => '3185241383',
  'password' => 'devia5',
)
request: api.deviafernando.com /auth params: array (
  'phone' => '3185241383',
  'password' => 'pt100UNAL--',
)
request: api.deviafernando.com /auth params: array (
  'phone' => '3185241383',
  'password' => 'pt100UNAL--',
)
request: api.deviafernando.com /records params: array (
  'path' => 'records',
)
request: api.deviafernando.com /records params: array (
  'path' => 'records',
)
request: api.deviafernando.com /records params: array (
  'path' => 'records',
)
request: api.deviafernando.com / params: array (
)
request: api.deviafernando.com / params: array (
)
request: api.deviafernando.com / params: array (
)
request: api.deviafernando.com / params: array (
)
request: api.deviafernando.com /records params: array (
  'path' => 'records',
)
request: api.deviafernando.com //auth params: array (
  'path' => 'auth',
)
request: api.deviafernando.com /records params: array (
  'path' => 'records',
)
request: api.deviafernando.com /records params: array (
  'path' => 'records',
)
request: api.deviafernando.com /records params: array (
  'path' => 'records',
)
request: api.deviafernando.com /records params: array (
  'path' => 'records',
)
request: api.deviafernando.com /records params: array (
  'path' => 'records',
)
request: api.deviafernando.com /records params: array (
  'path' => 'records',
)
request: api.deviafernando.com //auth params: array (
  'path' => 'auth',
)
request: api.deviafernando.com //registers params: array (
  'path' => 'registers',
)
request: api.deviafernando.com //records params: array (
  'path' => 'records',
)
request: api.deviafernando.com //records params: array (
  'path' => 'records',
)
request: api.deviafernando.com /favicon.ico params: array (
  'path' => 'favicon.ico',
)
request: api.deviafernando.com //records params: array (
  'path' => 'records',
)
request: api.deviafernando.com /records params: array (
  'path' => 'records',
)
request: api.deviafernando.com /records params: array (
  'path' => 'records',
)
request: api.deviafernando.com /records params: array (
  'path' => 'records',
)
request: api.deviafernando.com /records params: array (
  'path' => 'records',
)
request: api.deviafernando.com /records params: array (
  'path' => 'records',
)
request: api.deviafernando.com /records params: array (
  'path' => 'records',
)
request: api.deviafernando.com /auth params: array (
  'phone' => '3185241383',
  'password' => 'devia5',
)
request: api.deviafernando.com /auth params: array (
  'phone' => '3185241383',
  'password' => 'pt100UNAL--',
)
request: api.deviafernando.com /records params: array (
  'path' => 'records',
)
request: api.deviafernando.com /records params: array (
  'path' => 'records',
)
request: api.deviafernando.com /records params: array (
  'path' => 'records',
)
request: api.deviafernando.com /records params: array (
  'path' => 'records',
)
request: api.deviafernando.com /records params: array (
  'path' => 'records',
)
request: api.deviafernando.com /records params: array (
  'path' => 'records',
)
request: api.deviafernando.com /records params: array (
  'path' => 'records',
)
request: api.deviafernando.com /records params: array (
  'path' => 'records',
)
request: api.deviafernando.com /records params: array (
  'path' => 'records',
)
request: api.deviafernando.com /records params: array (
  'path' => 'records',
)
request: api.deviafernando.com /records params: array (
  'path' => 'records',
)
request: api.deviafernando.com /auth params: array (
  'phone' => '3185241383',
  'password' => 'pt100UNAL--',
)
request: api.deviafernando.com /records params: array (
  'path' => 'records',
)
request: api.deviafernando.com /records params: array (
  'path' => 'records',
)
request: api.deviafernando.com /records params: array (
  'path' => 'records',
)
request: api.deviafernando.com /records params: array (
  'path' => 'records',
)
request: api.deviafernando.com /records params: array (
  'path' => 'records',
)
request: api.deviafernando.com /records params: array (
  'path' => 'records',
)
request: api.deviafernando.com /records params: array (
  'path' => 'records',
)
request: api.deviafernando.com /records params: array (
  'path' => 'records',
)
request: api.deviafernando.com /records params: array (
  'path' => 'records',
)
request: api.deviafernando.com /records params: array (
  'path' => 'records',
)
request: api.deviafernando.com /records params: array (
  'path' => 'records',
)
request: api.deviafernando.com /records params: array (
  'path' => 'records',
)
request: api.deviafernando.com /records params: array (
  'path' => 'records',
)
request: api.deviafernando.com /records params: array (
  'path' => 'records',
)
request: api.deviafernando.com /records params: array (
  'path' => 'records',
)
request: api.deviafernando.com /records params: array (
  'path' => 'records',
)
request: api.deviafernando.com /records params: array (
  'path' => 'records',
)
request: api.deviafernando.com /records params: array (
  'path' => 'records',
)
request: api.deviafernando.com /auth params: array (
  'phone' => '3185241383',
  'password' => 'pt100UNAL--',
)
request: api.deviafernando.com /records params: array (
  'path' => 'records',
)
request: api.deviafernando.com /records params: array (
  'path' => 'records',
)
request: api.deviafernando.com /records params: array (
  'path' => 'records',
)
request: api.deviafernando.com /records params: array (
  'path' => 'records',
)
request: api.deviafernando.com /records params: array (
  'path' => 'records',
)
request: api.deviafernando.com /records params: array (
  'path' => 'records',
)
request: api.deviafernando.com /auth params: array (
  'phone' => '3185241383',
  'password' => 'devia5',
)
request: api.deviafernando.com /auth params: array (
  'phone' => '3185241383',
  'password' => 'pt100UNAL--',
)
request: api.deviafernando.com /records params: array (
  'path' => 'records',
)
request: api.deviafernando.com /records params: array (
  'path' => 'records',
)
request: api.deviafernando.com /records params: array (
  'path' => 'records',
)
request: api.deviafernando.com /records params: array (
  'path' => 'records',
)
request: api.deviafernando.com /records params: array (
  'path' => 'records',
)
request: api.deviafernando.com /records params: array (
  'path' => 'records',
)
request: api.deviafernando.com /records params: array (
  'path' => 'records',
)
request: api.deviafernando.com /records params: array (
  'path' => 'records',
)
request: api.deviafernando.com /records params: array (
  'path' => 'records',
)
request: api.deviafernando.com /records params: array (
  'path' => 'records',
)
request: api.deviafernando.com /records params: array (
  'path' => 'records',
)
request: api.deviafernando.com /records params: array (
  'path' => 'records',
)
request: api.deviafernando.com /records params: array (
  'path' => 'records',
)
request: api.deviafernando.com /records params: array (
  'identification' => '1110534050',
  'phone' => '3185241383',
  'email' => 'jfdeviar@gmail.com',
  'first_name' => 'Johnattan',
  'last_name' => 'Devia',
)
request: api.deviafernando.com /records params: array (
  'identification' => '1110534050',
  'phone' => '3185241383',
  'email' => 'jfdeviar@gmail.com',
  'first_name' => 'Johnattan',
  'last_name' => 'Devia',
)
request: api.deviafernando.com /records params: array (
  'identification' => '1110534050',
  'phone' => '3185241383',
  'email' => 'jfdeviar@gmail.com',
  'first_name' => 'Johnattan',
  'last_name' => 'Devia',
)
request: api.deviafernando.com /records params: array (
  'path' => 'records',
)
request: api.deviafernando.com /records params: array (
  'path' => 'records',
)
request: api.deviafernando.com /records params: array (
  'path' => 'records',
)
request: api.deviafernando.com /records params: array (
  'path' => 'records',
)
request: api.deviafernando.com /records params: array (
  'path' => 'records',
)
request: api.deviafernando.com /records params: array (
  'path' => 'records',
)
request: api.deviafernando.com /records params: array (
  'path' => 'records',
)
request: api.deviafernando.com /records params: array (
  'path' => 'records',
)
request: api.deviafernando.com /records params: array (
  'path' => 'records',
)
request: api.deviafernando.com /records params: array (
  'path' => 'records',
)
request: api.deviafernando.com /records params: array (
  'path' => 'records',
)
request: api.deviafernando.com /records params: array (
  'path' => 'records',
)
request: api.deviafernando.com /records params: array (
  'path' => 'records',
)
request: api.deviafernando.com /records params: array (
  'path' => 'records',
)
request: api.deviafernando.com /records params: array (
  'path' => 'records',
)
request: api.deviafernando.com /records params: array (
  'path' => 'records',
)
request: api.deviafernando.com /records params: array (
  'path' => 'records',
)
request: api.deviafernando.com /records params: array (
  'path' => 'records',
)
request: api.deviafernando.com /records params: array (
  'path' => 'records',
)
request: api.deviafernando.com /records params: array (
  'path' => 'records',
)
request: api.deviafernando.com /records params: array (
  'path' => 'records',
)
request: api.deviafernando.com /records params: array (
  'identification' => '14297163',
  'phone' => '3204644024',
  'email' => 'carlosdevia@imaginacolombia.com',
  'first_name' => '',
  'last_name' => '',
)
request: api.deviafernando.com /records params: array (
  'identification' => '14297163',
  'phone' => '3204644024',
  'email' => 'carlosdevia@imaginacolombia.com',
  'first_name' => '',
  'last_name' => '',
)
request: api.deviafernando.com /records params: array (
  'identification' => '14297163',
  'phone' => '3204644024',
  'email' => 'carlosdevia@imaginacolombia.com',
  'first_name' => '',
  'last_name' => '',
)
request: api.deviafernando.com /records params: array (
  'identification' => '14297163',
  'phone' => '3204644024',
  'email' => 'carlosdevia@imaginacolombia.com',
  'first_name' => '',
  'last_name' => '',
)
request: api.deviafernando.com /records params: array (
  'identification' => '14297163',
  'phone' => '3204644024',
  'email' => 'carlosdevia@imaginacolombia.com',
  'first_name' => '',
  'last_name' => '',
)
request: api.deviafernando.com /records params: array (
  'identification' => '14297163',
  'phone' => '3204644024',
  'email' => 'carlosdevia@imaginacolombia.com',
  'first_name' => '',
  'last_name' => '',
)
request: api.deviafernando.com /records params: array (
  'path' => 'records',
)
request: api.deviafernando.com /records/1110534050 params: array (
  'path' => 'records/1110534050',
)
request: api.deviafernando.com /records/1110534050 params: array (
  'path' => 'records/1110534050',
)
request: api.deviafernando.com /records/1110534050 params: array (
  'path' => 'records/1110534050',
)
request: api.deviafernando.com /records/1110534050 params: array (
  'path' => 'records/1110534050',
)
request: api.deviafernando.com /records/1110534050 params: array (
  'path' => 'records/1110534050',
)
request: api.deviafernando.com /records/1110534050 params: array (
  'path' => 'records/1110534050',
)
request: api.deviafernando.com /records/1110534050 params: array (
  'path' => 'records/1110534050',
)
request: api.deviafernando.com /records/1110534050 params: array (
  'path' => 'records/1110534050',
)
request: api.deviafernando.com /records/1110534050 params: array (
  'path' => 'records/1110534050',
)
request: api.deviafernando.com /records/1110534050 params: array (
  'path' => 'records/1110534050',
)
request: api.deviafernando.com /records/1110534050 params: array (
  'path' => 'records/1110534050',
)
request: api.deviafernando.com /records/1110534050 params: array (
  'path' => 'records/1110534050',
)
request: api.deviafernando.com /records/1110534050 params: array (
  'path' => 'records/1110534050',
)
request: api.deviafernando.com /records/1110534050 params: array (
  'path' => 'records/1110534050',
)
request: api.deviafernando.com /records/18 params: array (
  'phone' => '3185241383',
  'email' => 'jfdeviar@gmail.com',
  'first_name' => 'Johnattann',
  'last_name' => 'Devia',
)
request: api.deviafernando.com /records/1110534050 params: array (
  'path' => 'records/1110534050',
)
request: api.deviafernando.com /records/18 params: array (
  'path' => 'records/18',
)
request: api.deviafernando.com /records/18 params: array (
  'path' => 'records/18',
)
request: api.deviafernando.com /records/1110534050 params: array (
  'path' => 'records/1110534050',
)
request: api.deviafernando.com /records/18 params: array (
  'path' => 'records/18',
)
request: api.deviafernando.com /records/1110534050 params: array (
  'path' => 'records/1110534050',
)
request: api.deviafernando.com /records/18 params: array (
  'path' => 'records/18',
)
request: api.deviafernando.com /records/1110534050 params: array (
  'path' => 'records/1110534050',
)
request: api.deviafernando.com /records/18 params: array (
  'path' => 'records/18',
)
request: api.deviafernando.com /records params: array (
  'path' => 'records',
)
request: api.deviafernando.com /records/1110534050 params: array (
  'path' => 'records/1110534050',
)
request: api.deviafernando.com /records/18 params: array (
  'path' => 'records/18',
)
request: api.deviafernando.com /records/18 params: array (
  'path' => 'records/18',
)
request: api.deviafernando.com /records/18 params: array (
  'phone' => '3185241383',
  'email' => 'jfdeviar@gmail.com',
  'first_name' => 'Johnattan',
  'last_name' => 'Devia',
)
request: api.deviafernando.com /records/18 params: array (
  'phone' => '3185241383',
  'email' => 'jfdeviar@gmail.com',
  'first_name' => 'Johnattann',
  'last_name' => 'Devia',
)
request: api.deviafernando.com /records params: array (
  'path' => 'records',
)
request: api.deviafernando.com /records/1110534050 params: array (
  'path' => 'records/1110534050',
)
request: api.deviafernando.com /records/18 params: array (
  'phone' => '3185241383',
  'email' => 'jfdeviar@gmail.com',
  'first_name' => 'Johnattan',
  'last_name' => 'Devia',
)
request: api.deviafernando.com /records params: array (
  'path' => 'records',
)
request: api.deviafernando.com /records/1110534050 params: array (
  'path' => 'records/1110534050',
)
request: api.deviafernando.com /records/1110534050 params: array (
  'path' => 'records/1110534050',
)
request: api.deviafernando.com /records/1110534050 params: array (
  'path' => 'records/1110534050',
)
request: api.deviafernando.com /records/1110534050 params: array (
  'path' => 'records/1110534050',
)
request: api.deviafernando.com /records/18 params: array (
)
request: api.deviafernando.com /records params: array (
  'path' => 'records',
)
request: api.deviafernando.com /records params: array (
  'path' => 'records',
)
request: api.deviafernando.com /records params: array (
  'path' => 'records',
)
request: api.deviafernando.com /records params: array (
  'path' => 'records',
)
request: api.deviafernando.com /records params: array (
  'path' => 'records',
)
request: api.deviafernando.com /records params: array (
  'path' => 'records',
)
request: api.deviafernando.com /records params: array (
  'path' => 'records',
)
request: api.deviafernando.com /records params: array (
  'path' => 'records',
)
request: api.deviafernando.com /records params: array (
  'path' => 'records',
)
request: api.deviafernando.com /records params: array (
  'path' => 'records',
)
request: api.deviafernando.com /records params: array (
  'path' => 'records',
)
request: api.deviafernando.com /records params: array (
  'path' => 'records',
)
request: api.deviafernando.com /records params: array (
  'path' => 'records',
)
request: api.deviafernando.com /records params: array (
  'path' => 'records',
)
request: api.deviafernando.com /records params: array (
  'path' => 'records',
)
request: api.deviafernando.com /records params: array (
  'path' => 'records',
)
request: api.deviafernando.com /records params: array (
  'path' => 'records',
)
request: api.deviafernando.com /records params: array (
  'path' => 'records',
)
request: api.deviafernando.com /records params: array (
  'path' => 'records',
)
request: api.deviafernando.com /auth params: array (
  'path' => 'auth',
)
request: api.deviafernando.com /records params: array (
  'path' => 'records',
)
request: api.deviafernando.com /auth params: array (
  'path' => 'auth',
)
request: api.deviafernando.com /auth params: array (
  'path' => 'auth',
)
request: api.deviafernando.com /records params: array (
  'path' => 'records',
)
request: api.deviafernando.com /auth/register params: array (
  'phone' => '3185241383',
  'identification' => '1110534050',
  'password' => 'devia5',
)
request: api.deviafernando.com /auth/confirm params: array (
  'phone' => '3185241383',
  'identification' => '1110534050',
  'code' => '2032332',
  'password' => 'devia5',
)
request: api.deviafernando.com /auth/confirm params: array (
  'phone' => '3185241383',
  'identification' => '1110534050',
  'code' => '203233',
  'password' => 'devia5',
)
request: api.deviafernando.com /auth params: array (
  'path' => 'auth',
)
request: api.deviafernando.com /auth params: array (
  'path' => 'auth',
)
request: api.deviafernando.com /records params: array (
  'path' => 'records',
)
request: api.deviafernando.com /auth params: array (
  'path' => 'auth',
)
request: api.deviafernando.com /records params: array (
  'path' => 'records',
)
request: api.deviafernando.com /auth params: array (
  'path' => 'auth',
)
request: api.deviafernando.com /records params: array (
  'path' => 'records',
)
request: api.deviafernando.com /records params: array (
  'path' => 'records',
)
request: api.deviafernando.com /auth params: array (
  'path' => 'auth',
)
request: api.deviafernando.com /auth params: array (
  'path' => 'auth',
)
request: api.deviafernando.com /records params: array (
  'path' => 'records',
)
request: api.deviafernando.com /records params: array (
  'path' => 'records',
)
request: api.deviafernando.com /auth params: array (
  'path' => 'auth',
)
request: api.deviafernando.com /records params: array (
  'path' => 'records',
)
request: api.deviafernando.com /auth params: array (
  'path' => 'auth',
)
request: api.deviafernando.com /records params: array (
  'path' => 'records',
)
request: api.deviafernando.com /auth params: array (
  'path' => 'auth',
)
request: api.deviafernando.com /records params: array (
  'path' => 'records',
)
request: api.deviafernando.com /auth params: array (
  'path' => 'auth',
)
request: api.deviafernando.com /records params: array (
  'path' => 'records',
)
request: api.deviafernando.com /auth params: array (
  'path' => 'auth',
)
request: api.deviafernando.com /records params: array (
  'path' => 'records',
)
request: api.deviafernando.com /auth params: array (
  'path' => 'auth',
)
request: api.deviafernando.com /records params: array (
  'path' => 'records',
)
request: api.deviafernando.com /auth params: array (
  'path' => 'auth',
)
request: api.deviafernando.com /records params: array (
  'path' => 'records',
)
request: api.deviafernando.com /auth params: array (
  'path' => 'auth',
)
request: api.deviafernando.com /records params: array (
  'path' => 'records',
)
request: api.deviafernando.com /auth params: array (
  'path' => 'auth',
)
request: api.deviafernando.com /records params: array (
  'path' => 'records',
)
request: api.deviafernando.com /auth params: array (
  'path' => 'auth',
)
request: api.deviafernando.com /records params: array (
  'path' => 'records',
)
request: api.deviafernando.com /auth params: array (
  'path' => 'auth',
)
request: api.deviafernando.com /records params: array (
  'path' => 'records',
)
request: api.deviafernando.com /auth params: array (
  'path' => 'auth',
)
request: api.deviafernando.com /records params: array (
  'path' => 'records',
)
request: api.deviafernando.com /auth params: array (
  'path' => 'auth',
)
request: api.deviafernando.com /records params: array (
  'path' => 'records',
)
request: api.deviafernando.com /auth params: array (
  'path' => 'auth',
)
',
)
request: api.deviafernando.com /records params: array (
  'path' => 'records',
)
request: api.deviafernando.com /auth params: array (
  'path' => 'auth',
)
request: api.deviafernando.com /records params: array (
  'path' => 'records',
)
request: api.deviafernando.com /auth params: array (
  'path' => 'auth',
)
request: api.deviafernando.com /records params: array (
  'path' => 'records',
)
request: api.deviafernando.com /auth params: array (
  'path' => 'auth',
)
request: api.deviafernando.com /records params: array (
  'path' => 'records',
)
request: api.deviafernando.com /records params: array (
  'path' => 'records',
)
request: api.deviafernando.com /auth params: array (
  'path' => 'auth',
)
request: api.deviafernando.com /auth params: array (
  'path' => 'auth',
)
request: api.deviafernando.com /records params: array (
  'path' => 'records',
)
request: api.deviafernando.com /records params: array (
  'path' => 'records',
)
request: api.deviafernando.com /auth params: array (
  'path' => 'auth',
)
request: api.deviafernando.com /auth params: array (
  'path' => 'auth',
)
request: api.deviafernando.com /records params: array (
  'path' => 'records',
)
request: api.deviafernando.com /records params: array (
  'path' => 'records',
)
request: api.deviafernando.com /auth params: array (
  'path' => 'auth',
)
request: api.deviafernando.com /records params: array (
  'path' => 'records',
)
request: api.deviafernando.com /auth params: array (
  'path' => 'auth',
)
request: api.deviafernando.com /records params: array (
  'path' => 'records',
)
request: api.deviafernando.com /auth params: array (
  'path' => 'auth',
)
request: api.deviafernando.com /auth params: array (
  'path' => 'auth',
)
request: api.deviafernando.com /records params: array (
  'path' => 'records',
)
request: api.deviafernando.com /records params: array (
  'path' => 'records',
)
request: api.deviafernando.com /auth params: array (
  'path' => 'auth',
)
request: api.deviafernando.com /auth params: array (
  'path' => 'auth',
)
request: api.deviafernando.com /records params: array (
  'path' => 'records',
)
request: api.deviafernando.com /records params: array (
  'path' => 'records',
)
request: api.deviafernando.com /auth params: array (
  'path' => 'auth',
)
request: api.deviafernando.com /auth params: array (
  'path' => 'auth',
)
request: api.deviafernando.com /records params: array (
  'path' => 'records',
)
request: api.deviafernando.com /records params: array (
  'path' => 'records',
)
request: api.deviafernando.com /auth params: array (
  'path' => 'auth',
)
request: api.deviafernando.com /statistics params: array (
  'path' => 'statistics',
)
request: api.deviafernando.com /auth params: array (
  'path' => 'auth',
)
request: api.deviafernando.com /statistics params: array (
  'path' => 'statistics',
)
request: api.deviafernando.com /auth params: array (
  'path' => 'auth',
)
request: api.deviafernando.com /auth params: array (
  'path' => 'auth',
)
request: api.deviafernando.com /statistics params: array (
  'path' => 'statistics',
)
request: api.deviafernando.com /auth params: array (
  'path' => 'auth',
)
request: api.deviafernando.com /statistics params: array (
  'path' => 'statistics',
)
request: api.deviafernando.com /statistics params: array (
  'path' => 'statistics',
)
request: api.deviafernando.com /auth params: array (
  'path' => 'auth',
)
request: api.deviafernando.com /statistics params: array (
  'path' => 'statistics',
)
request: api.deviafernando.com /auth params: array (
  'path' => 'auth',
)
request: api.deviafernando.com /auth params: array (
  'path' => 'auth',
)
request: api.deviafernando.com /statistics params: array (
  'path' => 'statistics',
)
request: api.deviafernando.com /auth/register params: array (
  'phone' => '3185241383',
  'identification' => '1110534050',
  'password' => 'devia5',
)
request: api.deviafernando.com /auth/register params: array (
  'phone' => '3185241383',
  'identification' => '1110534050',
  'password' => 'devia5',
)
request: api.deviafernando.com /auth/register params: array (
  'phone' => '3185241383',
  'identification' => '1110534050',
  'password' => 'devia5',
)
request: api.deviafernando.com /auth/register params: array (
  'phone' => '3185241383',
  'identification' => '1110534050',
  'password' => 'devia5',
)
request: api.deviafernando.com /auth/register params: array (
  'phone' => '3185241383',
  'identification' => '1110534050',
  'password' => 'devia5',
)
request: api.deviafernando.com /auth/register params: array (
  'phone' => '3185241383',
  'identification' => '1110534050',
  'password' => 'devia5',
)
request: api.deviafernando.com /auth/register params: array (
  'phone' => '3185241383',
  'identification' => '111054050',
  'password' => 'devia5',
)
request: api.deviafernando.com /auth/register params: array (
  'phone' => '659987',
  'identification' => '123123123',
  'password' => '123',
)
request: api.deviafernando.com /auth/register params: array (
  'phone' => '659987',
  'identification' => '123123',
  'password' => '123123',
)
request: api.deviafernando.com /auth/register params: array (
  'phone' => '3185241383',
  'identification' => '1110534050',
  'password' => 'devoa5',
)
request: api.deviafernando.com /auth/confirm params: array (
  'phone' => '3185241383',
  'identification' => '1110534050',
  'code' => '853696',
  'password' => 'devoa5',
)
request: api.deviafernando.com /statistics params: array (
  'path' => 'statistics',
)
request: api.deviafernando.com /auth params: array (
  'path' => 'auth',
)
request: api.deviafernando.com /auth/register params: array (
  'phone' => '3185241383',
  'identification' => '1110534050',
  'password' => 'devia5',
)
request: api.deviafernando.com /auth/confirm params: array (
  'phone' => '3185241383',
  'identification' => '1110534050',
  'code' => '229131',
  'password' => 'devia5',
)
request: api.deviafernando.com /auth params: array (
  'path' => 'auth',
)
request: api.deviafernando.com /statistics params: array (
  'path' => 'statistics',
)
request: api.deviafernando.com /auth/register params: array (
  'phone' => '3185241383',
  'identification' => '1110534050',
  'password' => 'devia5',
)
request: api.deviafernando.com /auth/confirm params: array (
  'phone' => '3185241383',
  'identification' => '1110534050',
  'code' => '823153',
  'password' => 'devia5',
)
request: api.deviafernando.com /auth/confirm params: array (
  'phone' => '3185241383',
  'identification' => '1110534050',
  'code' => '823153',
  'password' => 'devia5',
)
request: api.deviafernando.com /auth/confirm params: array (
  'phone' => '3185241383',
  'identification' => '1110534050',
  'code' => '823153',
  'password' => 'devia5',
)
request: api.deviafernando.com /auth/confirm params: array (
  'phone' => '3185241383',
  'identification' => '1110534050',
  'code' => '823153',
  'password' => 'devia5',
)
request: api.deviafernando.com /auth/confirm params: array (
  'phone' => '3185241383',
  'identification' => '1110534050',
  'code' => '823153',
  'password' => 'devia5',
)
request: api.deviafernando.com /auth/confirm params: array (
  'phone' => '3185241383',
  'identification' => '1110534050',
  'code' => '823153',
  'password' => 'devia5',
)
request: api.deviafernando.com /statistics params: array (
  'path' => 'statistics',
)
request: api.deviafernando.com /auth params: array (
  'path' => 'auth',
)
request: api.deviafernando.com /records params: array (
  'path' => 'records',
)
request: api.deviafernando.com /records params: array (
  'identification' => '14297163',
  'phone' => '3204644024',
  'email' => '',
  'first_name' => '',
  'last_name' => '',
)
request: api.deviafernando.com /records params: array (
  'identification' => '14297163',
  'phone' => '3204644024',
  'email' => '',
  'first_name' => '',
  'last_name' => '',
)
request: api.deviafernando.com /records params: array (
  'identification' => '14297163',
  'phone' => '3204644024',
  'email' => '',
  'first_name' => '',
  'last_name' => '',
)
request: api.deviafernando.com /records params: array (
  'path' => 'records',
)
request: api.deviafernando.com /records params: array (
  'path' => 'records',
)
request: api.deviafernando.com /auth params: array (
  'path' => 'auth',
)
request: api.deviafernando.com /records params: array (
  'path' => 'records',
)
request: api.deviafernando.com /auth params: array (
  'path' => 'auth',
)
request: api.deviafernando.com /statistics params: array (
  'path' => 'statistics',
)
request: api.deviafernando.com /statistics params: array (
  'path' => 'statistics',
)
request: api.deviafernando.com /auth params: array (
  'path' => 'auth',
)
request: api.deviafernando.com /statistics params: array (
  'path' => 'statistics',
)
request: api.deviafernando.com /auth params: array (
  'path' => 'auth',
)
request: api.deviafernando.com /statistics params: array (
  'path' => 'statistics',
)
request: api.deviafernando.com /auth params: array (
  'path' => 'auth',
)
request: api.deviafernando.com /statistics params: array (
  'path' => 'statistics',
)
request: api.deviafernando.com /auth params: array (
  'path' => 'auth',
)
request: api.deviafernando.com /statistics params: array (
  'path' => 'statistics',
)
request: api.deviafernando.com /auth params: array (
  'path' => 'auth',
)
request: api.deviafernando.com /statistics params: array (
  'path' => 'statistics',
)
request: api.deviafernando.com /auth params: array (
  'path' => 'auth',
)
request: api.deviafernando.com /statistics params: array (
  'path' => 'statistics',
)
request: api.deviafernando.com /auth params: array (
  'path' => 'auth',
)
request: api.deviafernando.com /statistics params: array (
  'path' => 'statistics',
)
request: api.deviafernando.com /auth params: array (
  'path' => 'auth',
)
request: api.deviafernando.com /statistics params: array (
  'path' => 'statistics',
)
request: api.deviafernando.com /auth params: array (
  'path' => 'auth',
)
request: api.deviafernando.com /statistics params: array (
  'path' => 'statistics',
)
request: api.deviafernando.com /auth params: array (
  'path' => 'auth',
)
request: api.deviafernando.com /auth params: array (
  'path' => 'auth',
)
request: api.deviafernando.com /statistics params: array (
  'path' => 'statistics',
)
request: api.deviafernando.com /auth params: array (
  'path' => 'auth',
)
request: api.deviafernando.com /statistics params: array (
  'path' => 'statistics',
)
request: api.deviafernando.com /statistics params: array (
  'path' => 'statistics',
)
request: api.deviafernando.com /auth params: array (
  'path' => 'auth',
)
request: api.deviafernando.com /auth params: array (
  'path' => 'auth',
)
request: api.deviafernando.com /statistics params: array (
  'path' => 'statistics',
)
request: api.deviafernando.com /auth params: array (
  'path' => 'auth',
)
request: api.deviafernando.com /statistics params: array (
  'path' => 'statistics',
)
request: api.deviafernando.com /statistics params: array (
  'path' => 'statistics',
)
request: api.deviafernando.com /auth params: array (
  'path' => 'auth',
)
request: api.deviafernando.com /auth params: array (
  'path' => 'auth',
)
request: api.deviafernando.com /statistics params: array (
  'path' => 'statistics',
)
request: api.deviafernando.com /statistics params: array (
  'path' => 'statistics',
)
request: api.deviafernando.com /auth params: array (
  'path' => 'auth',
)
request: api.deviafernando.com /auth params: array (
  'path' => 'auth',
)
request: api.deviafernando.com /statistics params: array (
  'path' => 'statistics',
)
request: api.deviafernando.com /auth params: array (
  'path' => 'auth',
)
request: api.deviafernando.com /statistics params: array (
  'path' => 'statistics',
)
request: api.deviafernando.com /statistics params: array (
  'path' => 'statistics',
)
request: api.deviafernando.com /auth params: array (
  'path' => 'auth',
)
request: api.deviafernando.com /auth params: array (
  'path' => 'auth',
)
request: api.deviafernando.com /statistics params: array (
  'path' => 'statistics',
)
request: api.deviafernando.com /auth params: array (
  'phone' => '3185241383',
  'password' => 'devia5',
)
request: api.deviafernando.com /auth params: array (
  'phone' => '3185241383',
  'password' => 'devia5',
)
request: api.deviafernando.com /statistics params: array (
  'path' => 'statistics',
)
request: api.deviafernando.com /auth params: array (
  'path' => 'auth',
)
request: api.deviafernando.com /auth/recover params: array (
  'phone' => '3185241383',
)
request: api.deviafernando.com /auth/recover params: array (
  'phone' => '3185241383',
)
request: api.deviafernando.com /auth/recover params: array (
  'phone' => '3185241383',
)
request: api.deviafernando.com /auth/recover params: array (
  'phone' => '3185241383',
)
request: api.deviafernando.com /auth/reset params: array (
  'code' => '702483',
  'phone' => '3185241383',
  'password' => 'devia5',
)
request: api.deviafernando.com /auth/reset params: array (
  'code' => '702483',
  'phone' => '3185241383',
  'password' => 'devia5',
)
request: api.deviafernando.com /auth/reset params: array (
  'code' => '702483',
  'phone' => '3185241383',
  'password' => 'devia5',
)
request: api.deviafernando.com /auth params: array (
  'path' => 'auth',
)
request: api.deviafernando.com /statistics params: array (
  'path' => 'statistics',
)
