Request identification: 14297163
Request identification: 14297163
Request identification: 14297163
Request identification: 14297163
Request identification: 14297163
Request identification: 14297163
Request identification: 1110534050
Request identification: 1110534050
Request identification: 1110534050
Request identification: 1110534050
Request identification: 1110534050
Request identification: 1110534050
Response identification: 
Request identification: 1110534050
Response identification: 
Request identification: 1110534050
Response identification: 
Request identification: 1110534050
Response identification: 
Request identification: 1110534050
Response identification: 
Request identification: 1110534050
Response identification: 
Request identification: 111054050
Response identification: 
Request identification: 123123123
Response identification: 
Request identification: 123123
Response identification: 
Request identification: 1110534050
Response identification: array (
  'fullName' => 'JOHNATTAN FERNANDO DEVIA ROJAS',
  'arrayFullName' => 
  array (
    0 => 'JOHNATTAN',
    1 => 'FERNANDO',
    2 => 'DEVIA',
    3 => 'ROJAS',
  ),
  'firstName' => 'JOHNATTAN FERNANDO',
  'lastName' => 'DEVIA ROJAS',
)
Request identification: 1110534050
Response identification: array (
  'fullName' => 'JOHNATTAN FERNANDO DEVIA ROJAS',
  'arrayFullName' => 
  array (
    0 => 'JOHNATTAN',
    1 => 'FERNANDO',
    2 => 'DEVIA',
    3 => 'ROJAS',
  ),
  'firstName' => 'JOHNATTAN FERNANDO',
  'lastName' => 'DEVIA ROJAS',
)
Request identification: 1110534050
Response identification: array (
  'fullName' => 'JOHNATTAN FERNANDO DEVIA ROJAS',
  'arrayFullName' => 
  array (
    0 => 'JOHNATTAN',
    1 => 'FERNANDO',
    2 => 'DEVIA',
    3 => 'ROJAS',
  ),
  'firstName' => 'JOHNATTAN FERNANDO',
  'lastName' => 'DEVIA ROJAS',
)
Request identification: 1110534050
Response identification: array (
  'fullName' => 'JOHNATTAN FERNANDO DEVIA ROJAS',
  'arrayFullName' => 
  array (
    0 => 'JOHNATTAN',
    1 => 'FERNANDO',
    2 => 'DEVIA',
    3 => 'ROJAS',
  ),
  'firstName' => 'JOHNATTAN FERNANDO',
  'lastName' => 'DEVIA ROJAS',
)
Request identification: 1110534050
Response identification: array (
  'fullName' => 'JOHNATTAN FERNANDO DEVIA ROJAS',
  'arrayFullName' => 
  array (
    0 => 'JOHNATTAN',
    1 => 'FERNANDO',
    2 => 'DEVIA',
    3 => 'ROJAS',
  ),
  'firstName' => 'JOHNATTAN FERNANDO',
  'lastName' => 'DEVIA ROJAS',
)
Request identification: 1110534050
Response identification: array (
  'fullName' => 'JOHNATTAN FERNANDO DEVIA ROJAS',
  'arrayFullName' => 
  array (
    0 => 'JOHNATTAN',
    1 => 'FERNANDO',
    2 => 'DEVIA',
    3 => 'ROJAS',
  ),
  'firstName' => 'JOHNATTAN FERNANDO',
  'lastName' => 'DEVIA ROJAS',
)
Request identification: 14297163
Response identification: array (
  'fullName' => 'CARLOS DEVIA ROJAS',
  'arrayFullName' => 
  array (
    0 => 'CARLOS',
    1 => '',
    2 => 'DEVIA',
    3 => 'ROJAS',
  ),
  'firstName' => 'CARLOS ',
  'lastName' => 'DEVIA ROJAS',
)
